2017-02-09 10:18:14.175+0000 INFO  [o.n.k.i.f.CommunityFacadeFactory] No locking implementation specified, defaulting to 'community'
2017-02-09 10:18:14.188+0000 INFO  [o.n.k.AvailabilityGuard] Requirement makes database unavailable: Database available
2017-02-09 10:18:14.188+0000 INFO  [o.n.k.i.DiagnosticsManager] --- INITIALIZED diagnostics START ---
2017-02-09 10:18:14.188+0000 INFO  [o.n.k.i.DiagnosticsManager] Neo4j Kernel properties:
2017-02-09 10:18:14.188+0000 INFO  [o.n.k.i.DiagnosticsManager] dbms.connector.http.enabled=true
2017-02-09 10:18:14.188+0000 INFO  [o.n.k.i.DiagnosticsManager] dbms.security.auth_enabled=true
2017-02-09 10:18:14.188+0000 INFO  [o.n.k.i.DiagnosticsManager] dbms.connector.bolt.type=BOLT
2017-02-09 10:18:14.188+0000 INFO  [o.n.k.i.DiagnosticsManager] unsupported.dbms.directories.neo4j_home=D:\NFS PROJECT\New folder\neo4j-relationship-entity\database
2017-02-09 10:18:14.188+0000 INFO  [o.n.k.i.DiagnosticsManager] dbms.directories.import=import
2017-02-09 10:18:14.188+0000 INFO  [o.n.k.i.DiagnosticsManager] dbms.connector.bolt.tls_level=OPTIONAL
2017-02-09 10:18:14.189+0000 INFO  [o.n.k.i.DiagnosticsManager] dbms.shell.enabled=true
2017-02-09 10:18:14.189+0000 INFO  [o.n.k.i.DiagnosticsManager] dbms.connector.http.type=HTTP
2017-02-09 10:18:14.189+0000 INFO  [o.n.k.i.DiagnosticsManager] unsupported.dbms.directories.database=D:\NFS PROJECT\New folder\neo4j-relationship-entity\database
2017-02-09 10:18:14.189+0000 INFO  [o.n.k.i.DiagnosticsManager] dbms.logs.http.enabled=false
2017-02-09 10:18:14.189+0000 INFO  [o.n.k.i.DiagnosticsManager] unsupported.dbms.security.auth_store.location=data\dbms\auth
2017-02-09 10:18:14.189+0000 INFO  [o.n.k.i.DiagnosticsManager] unsupported.dbms.edition=community
2017-02-09 10:18:14.189+0000 INFO  [o.n.k.i.DiagnosticsManager] dbms.connector.bolt.enabled=true
2017-02-09 10:18:14.189+0000 INFO  [o.n.k.i.DiagnosticsManager] Diagnostics providers:
2017-02-09 10:18:14.189+0000 INFO  [o.n.k.i.DiagnosticsManager] org.neo4j.kernel.configuration.Config
2017-02-09 10:18:14.189+0000 INFO  [o.n.k.i.DiagnosticsManager] org.neo4j.kernel.info.DiagnosticsManager
2017-02-09 10:18:14.189+0000 INFO  [o.n.k.i.DiagnosticsManager] SYSTEM_MEMORY
2017-02-09 10:18:14.189+0000 INFO  [o.n.k.i.DiagnosticsManager] JAVA_MEMORY
2017-02-09 10:18:14.189+0000 INFO  [o.n.k.i.DiagnosticsManager] OPERATING_SYSTEM
2017-02-09 10:18:14.189+0000 INFO  [o.n.k.i.DiagnosticsManager] JAVA_VIRTUAL_MACHINE
2017-02-09 10:18:14.189+0000 INFO  [o.n.k.i.DiagnosticsManager] CLASSPATH
2017-02-09 10:18:14.189+0000 INFO  [o.n.k.i.DiagnosticsManager] LIBRARY_PATH
2017-02-09 10:18:14.189+0000 INFO  [o.n.k.i.DiagnosticsManager] SYSTEM_PROPERTIES
2017-02-09 10:18:14.189+0000 INFO  [o.n.k.i.DiagnosticsManager] NETWORK
2017-02-09 10:18:14.189+0000 INFO  [o.n.k.i.DiagnosticsManager] System memory information:
2017-02-09 10:18:14.189+0000 INFO  [o.n.k.i.DiagnosticsManager] Total Physical memory: 7.87 GB
2017-02-09 10:18:14.189+0000 INFO  [o.n.k.i.DiagnosticsManager] Free Physical memory: 894.48 MB
2017-02-09 10:18:14.189+0000 INFO  [o.n.k.i.DiagnosticsManager] Committed virtual memory: 1.32 GB
2017-02-09 10:18:14.189+0000 INFO  [o.n.k.i.DiagnosticsManager] Total swap space: 15.75 GB
2017-02-09 10:18:14.189+0000 INFO  [o.n.k.i.DiagnosticsManager] Free swap space: 3.10 GB
2017-02-09 10:18:14.189+0000 INFO  [o.n.k.i.DiagnosticsManager] JVM memory information:
2017-02-09 10:18:14.189+0000 INFO  [o.n.k.i.DiagnosticsManager] Free  memory: 746.72 MB
2017-02-09 10:18:14.189+0000 INFO  [o.n.k.i.DiagnosticsManager] Total memory: 876.50 MB
2017-02-09 10:18:14.189+0000 INFO  [o.n.k.i.DiagnosticsManager] Max   memory: 1.75 GB
2017-02-09 10:18:14.189+0000 INFO  [o.n.k.i.DiagnosticsManager] Garbage Collector: PS Scavenge: [PS Eden Space, PS Survivor Space]
2017-02-09 10:18:14.189+0000 INFO  [o.n.k.i.DiagnosticsManager] Garbage Collector: PS MarkSweep: [PS Eden Space, PS Survivor Space, PS Old Gen]
2017-02-09 10:18:14.189+0000 INFO  [o.n.k.i.DiagnosticsManager] Memory Pool: Code Cache (Non-heap memory): committed=62.19 MB, used=61.62 MB, max=240.00 MB, threshold=0.00 B
2017-02-09 10:18:14.189+0000 INFO  [o.n.k.i.DiagnosticsManager] Memory Pool: Metaspace (Non-heap memory): committed=80.84 MB, used=78.66 MB, max=-1.00 B, threshold=0.00 B
2017-02-09 10:18:14.189+0000 INFO  [o.n.k.i.DiagnosticsManager] Memory Pool: Compressed Class Space (Non-heap memory): committed=11.13 MB, used=10.70 MB, max=1.00 GB, threshold=0.00 B
2017-02-09 10:18:14.189+0000 INFO  [o.n.k.i.DiagnosticsManager] Memory Pool: PS Eden Space (Heap memory): committed=625.00 MB, used=76.28 MB, max=625.50 MB, threshold=?
2017-02-09 10:18:14.189+0000 INFO  [o.n.k.i.DiagnosticsManager] Memory Pool: PS Survivor Space (Heap memory): committed=23.50 MB, used=0.00 B, max=23.50 MB, threshold=?
2017-02-09 10:18:14.189+0000 INFO  [o.n.k.i.DiagnosticsManager] Memory Pool: PS Old Gen (Heap memory): committed=228.00 MB, used=53.51 MB, max=1.31 GB, threshold=0.00 B
2017-02-09 10:18:14.189+0000 INFO  [o.n.k.i.DiagnosticsManager] Operating system information:
2017-02-09 10:18:14.189+0000 INFO  [o.n.k.i.DiagnosticsManager] Operating System: Windows 7; version: 6.1; arch: amd64; cpus: 8
2017-02-09 10:18:14.197+0000 INFO  [o.n.k.i.DiagnosticsManager] Process id: 1636@user-PC
2017-02-09 10:18:14.197+0000 INFO  [o.n.k.i.DiagnosticsManager] Byte order: LITTLE_ENDIAN
2017-02-09 10:18:14.197+0000 INFO  [o.n.k.i.DiagnosticsManager] Local timezone: Asia/Bangkok
2017-02-09 10:18:14.197+0000 INFO  [o.n.k.i.DiagnosticsManager] JVM information:
2017-02-09 10:18:14.197+0000 INFO  [o.n.k.i.DiagnosticsManager] VM Name: Java HotSpot(TM) 64-Bit Server VM
2017-02-09 10:18:14.197+0000 INFO  [o.n.k.i.DiagnosticsManager] VM Vendor: Oracle Corporation
2017-02-09 10:18:14.197+0000 INFO  [o.n.k.i.DiagnosticsManager] VM Version: 25.111-b14
2017-02-09 10:18:14.197+0000 INFO  [o.n.k.i.DiagnosticsManager] JIT compiler: HotSpot 64-Bit Tiered Compilers
2017-02-09 10:18:14.197+0000 INFO  [o.n.k.i.DiagnosticsManager] VM Arguments: [-Dexe4j.semaphoreName=Local\c:_program_files_neo4j_ce_3.0.6_bin_neo4j-ce.exe, -Dexe4j.isInstall4j=true, -Dexe4j.moduleName=C:\Program Files\Neo4j CE 3.0.6\bin\neo4j-ce.exe, -Dexe4j.tempDir=, -Dexe4j.unextractedPosition=0, -Djava.library.path=C:\ProgramData\Oracle\Java\javapath;C:\Program Files (x86)\Intel\iCLS Client\;C:\Program Files\Intel\iCLS Client\;C:\Windows\system32;C:\Windows;C:\Windows\System32\Wbem;C:\Windows\System32\WindowsPowerShell\v1.0\;C:\Program Files\Intel\Intel(R) Management Engine Components\DAL;C:\Program Files (x86)\Intel\Intel(R) Management Engine Components\DAL;C:\Program Files\Intel\Intel(R) Management Engine Components\IPT;C:\Program Files (x86)\Intel\Intel(R) Management Engine Components\IPT;C:\Program Files (x86)\Common Files\Acronis\SnapAPI\;C:\Program Files (x86)\OpenVPN\bin;C:\Program Files\TortoiseGit\bin;C:\Program Files (x86)\Skype\Phone\;C:\Program Files (x86)\Microsoft SQL Server\100\Tools\Binn\VSShell\Common7\IDE\;C:\Program Files (x86)\Microsoft SQL Server\100\Tools\Binn\;C:\Program Files\Microsoft SQL Server\100\Tools\Binn\;C:\Program Files (x86)\Microsoft SQL Server\100\DTS\Binn\;C:\Program Files\Microsoft SQL Server\100\DTS\Binn\;D:\CPLEX\CPLEX\cplex\bin\x64_win64;C:\apache-maven-3.3.9\bin;C:\Program Files\nodejs\;C:\Program Files (x86)\Google\Chrome\Application;C:\Program Files (x86)\Intel\iCLS Client\;C:\Program Files\Intel\iCLS Client\;C:\Windows\system32;C:\Windows;C:\Windows\System32\Wbem;C:\Windows\System32\WindowsPowerShell\v1.0\;C:\Program Files\Intel\Intel(R) Management Engine Components\DAL;C:\Program Files (x86)\Intel\Intel(R) Management Engine Components\DAL;C:\Program Files\Intel\Intel(R) Management Engine Components\IPT;C:\Program Files (x86)\Intel\Intel(R) Management Engine Components\IPT;C:\Program Files (x86)\Common Files\Acronis\SnapAPI\;C:\Program Files (x86)\Skype\Phone\;C:\Program Files (x86)\OpenVPN\bin;C:\Python27;D:\CPLEX\CPLEX\cplex\bin\x64_win64;C:\apache-maven-3.3.9\bin;C:\Users\user\AppData\Roaming\npm;c:\program files\java\jre1.8.0_111\bin, -Dexe4j.consoleCodepage=cp0, -Dinstall4j.launcherId=24, -Dinstall4j.swt=false]
2017-02-09 10:18:14.197+0000 INFO  [o.n.k.i.DiagnosticsManager] Java classpath:
2017-02-09 10:18:14.206+0000 INFO  [o.n.k.i.DiagnosticsManager]  [bootstrap] C:\Program Files\Java\jre1.8.0_111\lib\jce.jar
2017-02-09 10:18:14.206+0000 INFO  [o.n.k.i.DiagnosticsManager]  [bootstrap] C:\Program Files\Java\jre1.8.0_111\classes
2017-02-09 10:18:14.206+0000 INFO  [o.n.k.i.DiagnosticsManager]  [bootstrap] C:\Program Files\Java\jre1.8.0_111\lib\sunrsasign.jar
2017-02-09 10:18:14.206+0000 INFO  [o.n.k.i.DiagnosticsManager]  [loader.1] file:/C:/Program%20Files/Java/jre1.8.0_111/lib/ext/jaccess.jar
2017-02-09 10:18:14.206+0000 INFO  [o.n.k.i.DiagnosticsManager]  [bootstrap] C:\Program Files\Java\jre1.8.0_111\lib\jfr.jar
2017-02-09 10:18:14.206+0000 INFO  [o.n.k.i.DiagnosticsManager]  [loader.0] file:/C:/Program%20Files/Neo4j%20CE%203.0.6/.install4j/i4jruntime.jar
2017-02-09 10:18:14.206+0000 INFO  [o.n.k.i.DiagnosticsManager]  [loader.0] file:/C:/Program%20Files/Neo4j%20CE%203.0.6/bin/
2017-02-09 10:18:14.206+0000 INFO  [o.n.k.i.DiagnosticsManager]  [loader.1] file:/C:/Program%20Files/Java/jre1.8.0_111/lib/ext/access-bridge-64.jar
2017-02-09 10:18:14.206+0000 INFO  [o.n.k.i.DiagnosticsManager]  [loader.1] file:/C:/Program%20Files/Java/jre1.8.0_111/lib/ext/dnsns.jar
2017-02-09 10:18:14.206+0000 INFO  [o.n.k.i.DiagnosticsManager]  [loader.1] file:/C:/Program%20Files/Java/jre1.8.0_111/lib/ext/jfxrt.jar
2017-02-09 10:18:14.206+0000 INFO  [o.n.k.i.DiagnosticsManager]  [loader.1] file:/C:/Program%20Files/Java/jre1.8.0_111/lib/ext/localedata.jar
2017-02-09 10:18:14.206+0000 INFO  [o.n.k.i.DiagnosticsManager]  [loader.1] file:/C:/Program%20Files/Java/jre1.8.0_111/lib/ext/nashorn.jar
2017-02-09 10:18:14.206+0000 INFO  [o.n.k.i.DiagnosticsManager]  [bootstrap] C:\Program Files\Java\jre1.8.0_111\lib\resources.jar
2017-02-09 10:18:14.206+0000 INFO  [o.n.k.i.DiagnosticsManager]  [loader.1] file:/C:/Program%20Files/Java/jre1.8.0_111/lib/ext/sunec.jar
2017-02-09 10:18:14.206+0000 INFO  [o.n.k.i.DiagnosticsManager]  [bootstrap] C:\Program Files\Java\jre1.8.0_111\lib\jsse.jar
2017-02-09 10:18:14.206+0000 INFO  [o.n.k.i.DiagnosticsManager]  [loader.0] file:/C:/Program%20Files/Neo4j%20CE%203.0.6/bin/neo4j-desktop-3.0.6.jar
2017-02-09 10:18:14.206+0000 INFO  [o.n.k.i.DiagnosticsManager]  [classpath] C:\Program Files\Neo4j CE 3.0.6\bin\neo4j-desktop-3.0.6.jar
2017-02-09 10:18:14.206+0000 INFO  [o.n.k.i.DiagnosticsManager]  [loader.1] file:/C:/Program%20Files/Java/jre1.8.0_111/lib/ext/sunpkcs11.jar
2017-02-09 10:18:14.206+0000 INFO  [o.n.k.i.DiagnosticsManager]  [loader.1] file:/C:/Program%20Files/Java/jre1.8.0_111/lib/ext/sunjce_provider.jar
2017-02-09 10:18:14.206+0000 INFO  [o.n.k.i.DiagnosticsManager]  [bootstrap] C:\Program Files\Java\jre1.8.0_111\lib\charsets.jar
2017-02-09 10:18:14.206+0000 INFO  [o.n.k.i.DiagnosticsManager]  [loader.1] file:/C:/Program%20Files/Java/jre1.8.0_111/lib/ext/sunmscapi.jar
2017-02-09 10:18:14.206+0000 INFO  [o.n.k.i.DiagnosticsManager]  [classpath] C:\Program Files\Neo4j CE 3.0.6\.install4j\i4jruntime.jar
2017-02-09 10:18:14.206+0000 INFO  [o.n.k.i.DiagnosticsManager]  [loader.1] file:/C:/Program%20Files/Java/jre1.8.0_111/lib/ext/cldrdata.jar
2017-02-09 10:18:14.206+0000 INFO  [o.n.k.i.DiagnosticsManager]  [bootstrap] C:\Program Files\Java\jre1.8.0_111\lib\rt.jar
2017-02-09 10:18:14.206+0000 INFO  [o.n.k.i.DiagnosticsManager]  [loader.1] file:/C:/Program%20Files/Java/jre1.8.0_111/lib/ext/zipfs.jar
2017-02-09 10:18:14.206+0000 INFO  [o.n.k.i.DiagnosticsManager] Library path:
2017-02-09 10:18:14.206+0000 INFO  [o.n.k.i.DiagnosticsManager] C:\ProgramData\Oracle\Java\javapath
2017-02-09 10:18:14.206+0000 INFO  [o.n.k.i.DiagnosticsManager] C:\Program Files (x86)\Intel\iCLS Client
2017-02-09 10:18:14.206+0000 INFO  [o.n.k.i.DiagnosticsManager] C:\Program Files\Intel\iCLS Client
2017-02-09 10:18:14.206+0000 INFO  [o.n.k.i.DiagnosticsManager] C:\Windows\System32
2017-02-09 10:18:14.206+0000 INFO  [o.n.k.i.DiagnosticsManager] C:\Windows
2017-02-09 10:18:14.206+0000 INFO  [o.n.k.i.DiagnosticsManager] C:\Windows\System32\wbem
2017-02-09 10:18:14.206+0000 INFO  [o.n.k.i.DiagnosticsManager] C:\Windows\System32\WindowsPowerShell\v1.0
2017-02-09 10:18:14.206+0000 INFO  [o.n.k.i.DiagnosticsManager] C:\Program Files\Intel\Intel(R) Management Engine Components\DAL
2017-02-09 10:18:14.206+0000 INFO  [o.n.k.i.DiagnosticsManager] C:\Program Files (x86)\Intel\Intel(R) Management Engine Components\DAL
2017-02-09 10:18:14.207+0000 INFO  [o.n.k.i.DiagnosticsManager] C:\Program Files\Intel\Intel(R) Management Engine Components\IPT
2017-02-09 10:18:14.207+0000 INFO  [o.n.k.i.DiagnosticsManager] C:\Program Files (x86)\Intel\Intel(R) Management Engine Components\IPT
2017-02-09 10:18:14.207+0000 INFO  [o.n.k.i.DiagnosticsManager] C:\Program Files (x86)\Common Files\Acronis\SnapAPI
2017-02-09 10:18:14.207+0000 INFO  [o.n.k.i.DiagnosticsManager] C:\Program Files (x86)\OpenVPN\bin
2017-02-09 10:18:14.207+0000 INFO  [o.n.k.i.DiagnosticsManager] C:\Program Files\TortoiseGit\bin
2017-02-09 10:18:14.207+0000 INFO  [o.n.k.i.DiagnosticsManager] C:\Program Files (x86)\Skype\Phone
2017-02-09 10:18:14.207+0000 INFO  [o.n.k.i.DiagnosticsManager] C:\Program Files (x86)\Microsoft SQL Server\100\Tools\Binn\VSShell\Common7\IDE
2017-02-09 10:18:14.207+0000 INFO  [o.n.k.i.DiagnosticsManager] C:\Program Files (x86)\Microsoft SQL Server\100\Tools\Binn
2017-02-09 10:18:14.207+0000 INFO  [o.n.k.i.DiagnosticsManager] C:\Program Files\Microsoft SQL Server\100\Tools\Binn
2017-02-09 10:18:14.207+0000 INFO  [o.n.k.i.DiagnosticsManager] C:\Program Files (x86)\Microsoft SQL Server\100\DTS\Binn
2017-02-09 10:18:14.207+0000 INFO  [o.n.k.i.DiagnosticsManager] C:\Program Files\Microsoft SQL Server\100\DTS\Binn
2017-02-09 10:18:14.207+0000 INFO  [o.n.k.i.DiagnosticsManager] D:\CPLEX\CPLEX\cplex\bin\x64_win64
2017-02-09 10:18:14.207+0000 INFO  [o.n.k.i.DiagnosticsManager] C:\apache-maven-3.3.9\bin
2017-02-09 10:18:14.207+0000 INFO  [o.n.k.i.DiagnosticsManager] C:\Program Files\nodejs
2017-02-09 10:18:14.208+0000 INFO  [o.n.k.i.DiagnosticsManager] C:\Program Files (x86)\Google\Chrome\Application
2017-02-09 10:18:14.208+0000 INFO  [o.n.k.i.DiagnosticsManager] C:\Program Files (x86)\Intel\iCLS Client
2017-02-09 10:18:14.208+0000 INFO  [o.n.k.i.DiagnosticsManager] C:\Program Files\Intel\iCLS Client
2017-02-09 10:18:14.208+0000 INFO  [o.n.k.i.DiagnosticsManager] C:\Windows\System32
2017-02-09 10:18:14.208+0000 INFO  [o.n.k.i.DiagnosticsManager] C:\Windows
2017-02-09 10:18:14.208+0000 INFO  [o.n.k.i.DiagnosticsManager] C:\Windows\System32\wbem
2017-02-09 10:18:14.208+0000 INFO  [o.n.k.i.DiagnosticsManager] C:\Windows\System32\WindowsPowerShell\v1.0
2017-02-09 10:18:14.208+0000 INFO  [o.n.k.i.DiagnosticsManager] C:\Program Files\Intel\Intel(R) Management Engine Components\DAL
2017-02-09 10:18:14.208+0000 INFO  [o.n.k.i.DiagnosticsManager] C:\Program Files (x86)\Intel\Intel(R) Management Engine Components\DAL
2017-02-09 10:18:14.208+0000 INFO  [o.n.k.i.DiagnosticsManager] C:\Program Files\Intel\Intel(R) Management Engine Components\IPT
2017-02-09 10:18:14.208+0000 INFO  [o.n.k.i.DiagnosticsManager] C:\Program Files (x86)\Intel\Intel(R) Management Engine Components\IPT
2017-02-09 10:18:14.208+0000 INFO  [o.n.k.i.DiagnosticsManager] C:\Program Files (x86)\Common Files\Acronis\SnapAPI
2017-02-09 10:18:14.208+0000 INFO  [o.n.k.i.DiagnosticsManager] C:\Program Files (x86)\Skype\Phone
2017-02-09 10:18:14.208+0000 INFO  [o.n.k.i.DiagnosticsManager] C:\Program Files (x86)\OpenVPN\bin
2017-02-09 10:18:14.208+0000 INFO  [o.n.k.i.DiagnosticsManager] C:\Python27
2017-02-09 10:18:14.208+0000 INFO  [o.n.k.i.DiagnosticsManager] D:\CPLEX\CPLEX\cplex\bin\x64_win64
2017-02-09 10:18:14.208+0000 INFO  [o.n.k.i.DiagnosticsManager] C:\apache-maven-3.3.9\bin
2017-02-09 10:18:14.208+0000 INFO  [o.n.k.i.DiagnosticsManager] C:\Users\user\AppData\Roaming\npm
2017-02-09 10:18:14.208+0000 INFO  [o.n.k.i.DiagnosticsManager] C:\Program Files\Java\jre1.8.0_111\bin
2017-02-09 10:18:14.208+0000 INFO  [o.n.k.i.DiagnosticsManager] System.properties:
2017-02-09 10:18:14.208+0000 INFO  [o.n.k.i.DiagnosticsManager] exe4j.moduleName = C:\Program Files\Neo4j CE 3.0.6\bin\neo4j-ce.exe
2017-02-09 10:18:14.208+0000 INFO  [o.n.k.i.DiagnosticsManager] exe4j.semaphoreName = Local\c:_program_files_neo4j_ce_3.0.6_bin_neo4j-ce.exe
2017-02-09 10:18:14.208+0000 INFO  [o.n.k.i.DiagnosticsManager] sun.boot.library.path = c:\program files\java\jre1.8.0_111\bin
2017-02-09 10:18:14.208+0000 INFO  [o.n.k.i.DiagnosticsManager] exe4j.consoleCodepage = cp0
2017-02-09 10:18:14.208+0000 INFO  [o.n.k.i.DiagnosticsManager] path.separator = ;
2017-02-09 10:18:14.208+0000 INFO  [o.n.k.i.DiagnosticsManager] file.encoding.pkg = sun.io
2017-02-09 10:18:14.208+0000 INFO  [o.n.k.i.DiagnosticsManager] user.country = US
2017-02-09 10:18:14.208+0000 INFO  [o.n.k.i.DiagnosticsManager] user.script = 
2017-02-09 10:18:14.208+0000 INFO  [o.n.k.i.DiagnosticsManager] sun.os.patch.level = Service Pack 1
2017-02-09 10:18:14.208+0000 INFO  [o.n.k.i.DiagnosticsManager] install4j.exeDir = C:\Program Files\Neo4j CE 3.0.6\bin\
2017-02-09 10:18:14.208+0000 INFO  [o.n.k.i.DiagnosticsManager] user.dir = C:\Program Files\Neo4j CE 3.0.6\bin
2017-02-09 10:18:14.208+0000 INFO  [o.n.k.i.DiagnosticsManager] user.variant = 
2017-02-09 10:18:14.208+0000 INFO  [o.n.k.i.DiagnosticsManager] exe4j.tempDir = 
2017-02-09 10:18:14.208+0000 INFO  [o.n.k.i.DiagnosticsManager] sun.jnu.encoding = Cp1252
2017-02-09 10:18:14.208+0000 INFO  [o.n.k.i.DiagnosticsManager] sun.nio.ch.bugLevel = 
2017-02-09 10:18:14.208+0000 INFO  [o.n.k.i.DiagnosticsManager] unsupported.dbms.udc.source = desktop
2017-02-09 10:18:14.208+0000 INFO  [o.n.k.i.DiagnosticsManager] sun.awt.enableExtraMouseButtons = true
2017-02-09 10:18:14.208+0000 INFO  [o.n.k.i.DiagnosticsManager] install4j.launcherId = 24
2017-02-09 10:18:14.208+0000 INFO  [o.n.k.i.DiagnosticsManager] sun.management.compiler = HotSpot 64-Bit Tiered Compilers
2017-02-09 10:18:14.208+0000 INFO  [o.n.k.i.DiagnosticsManager] exe4j.isInstall4j = true
2017-02-09 10:18:14.208+0000 INFO  [o.n.k.i.DiagnosticsManager] install4j.swt = false
2017-02-09 10:18:14.208+0000 INFO  [o.n.k.i.DiagnosticsManager] user.home = C:\Users\user
2017-02-09 10:18:14.208+0000 INFO  [o.n.k.i.DiagnosticsManager] user.timezone = Asia/Bangkok
2017-02-09 10:18:14.208+0000 INFO  [o.n.k.i.DiagnosticsManager] file.encoding = Cp1252
2017-02-09 10:18:14.208+0000 INFO  [o.n.k.i.DiagnosticsManager] user.name = user
2017-02-09 10:18:14.208+0000 INFO  [o.n.k.i.DiagnosticsManager] sun.java.command = C:\Program Files\Neo4j CE 3.0.6\bin\neo4j-ce.exe
2017-02-09 10:18:14.208+0000 INFO  [o.n.k.i.DiagnosticsManager] sun.arch.data.model = 64
2017-02-09 10:18:14.208+0000 INFO  [o.n.k.i.DiagnosticsManager] exe4j.launchName = C:\Program Files\Neo4j CE 3.0.6\bin\neo4j-ce.exe
2017-02-09 10:18:14.208+0000 INFO  [o.n.k.i.DiagnosticsManager] user.language = en
2017-02-09 10:18:14.208+0000 INFO  [o.n.k.i.DiagnosticsManager] awt.toolkit = sun.awt.windows.WToolkit
2017-02-09 10:18:14.208+0000 INFO  [o.n.k.i.DiagnosticsManager] exe4j.unextractedPosition = 0
2017-02-09 10:18:14.208+0000 INFO  [o.n.k.i.DiagnosticsManager] install4j.appDir = C:\Program Files\Neo4j CE 3.0.6\
2017-02-09 10:18:14.208+0000 INFO  [o.n.k.i.DiagnosticsManager] file.separator = \
2017-02-09 10:18:14.208+0000 INFO  [o.n.k.i.DiagnosticsManager] sun.io.unicode.encoding = UnicodeLittle
2017-02-09 10:18:14.208+0000 INFO  [o.n.k.i.DiagnosticsManager] sun.cpu.endian = little
2017-02-09 10:18:14.208+0000 INFO  [o.n.k.i.DiagnosticsManager] sun.desktop = windows
2017-02-09 10:18:14.208+0000 INFO  [o.n.k.i.DiagnosticsManager] sun.cpu.isalist = amd64
2017-02-09 10:18:14.208+0000 INFO  [o.n.k.i.DiagnosticsManager] Network information:
2017-02-09 10:18:14.280+0000 INFO  [o.n.k.i.DiagnosticsManager] Interface Software Loopback Interface 1:
2017-02-09 10:18:14.291+0000 INFO  [o.n.k.i.DiagnosticsManager]     address: 127.0.0.1
2017-02-09 10:18:14.291+0000 INFO  [o.n.k.i.DiagnosticsManager]     address: 0:0:0:0:0:0:0:1
2017-02-09 10:18:14.291+0000 INFO  [o.n.k.i.DiagnosticsManager] Interface WAN Miniport (SSTP):
2017-02-09 10:18:14.291+0000 INFO  [o.n.k.i.DiagnosticsManager] Interface WAN Miniport (L2TP):
2017-02-09 10:18:14.291+0000 INFO  [o.n.k.i.DiagnosticsManager] Interface WAN Miniport (PPTP):
2017-02-09 10:18:14.291+0000 INFO  [o.n.k.i.DiagnosticsManager] Interface WAN Miniport (PPPOE):
2017-02-09 10:18:14.291+0000 INFO  [o.n.k.i.DiagnosticsManager] Interface WAN Miniport (IPv6):
2017-02-09 10:18:14.291+0000 INFO  [o.n.k.i.DiagnosticsManager] Interface WAN Miniport (Network Monitor):
2017-02-09 10:18:14.291+0000 INFO  [o.n.k.i.DiagnosticsManager] Interface WAN Miniport (IP):
2017-02-09 10:18:14.291+0000 INFO  [o.n.k.i.DiagnosticsManager] Interface RAS Async Adapter:
2017-02-09 10:18:14.291+0000 INFO  [o.n.k.i.DiagnosticsManager] Interface Realtek PCIe GBE Family Controller:
2017-02-09 10:18:14.291+0000 INFO  [o.n.k.i.DiagnosticsManager]     address: fe80:0:0:0:d8c7:f63d:fca3:359a%eth3
2017-02-09 10:18:14.291+0000 INFO  [o.n.k.i.DiagnosticsManager] Interface TP-LINK 150Mbps Wireless N PCI Express Adapter:
2017-02-09 10:18:14.291+0000 INFO  [o.n.k.i.DiagnosticsManager]     address: 192.168.0.18
2017-02-09 10:18:14.291+0000 INFO  [o.n.k.i.DiagnosticsManager]     address: fe80:0:0:0:15a6:a54f:3314:c6be%wlan0
2017-02-09 10:18:14.291+0000 INFO  [o.n.k.i.DiagnosticsManager] Interface WAN Miniport (IKEv2):
2017-02-09 10:18:14.291+0000 INFO  [o.n.k.i.DiagnosticsManager] Interface TAP-Windows Adapter V9:
2017-02-09 10:18:14.291+0000 INFO  [o.n.k.i.DiagnosticsManager]     address: 192.168.2.10
2017-02-09 10:18:14.291+0000 INFO  [o.n.k.i.DiagnosticsManager]     address: fe80:0:0:0:418b:fd30:42d5:cd02%eth4
2017-02-09 10:18:14.291+0000 INFO  [o.n.k.i.DiagnosticsManager] Interface VirtualBox Host-Only Ethernet Adapter:
2017-02-09 10:18:14.291+0000 INFO  [o.n.k.i.DiagnosticsManager]     address: 192.168.56.1
2017-02-09 10:18:14.291+0000 INFO  [o.n.k.i.DiagnosticsManager]     address: fe80:0:0:0:e97e:b43d:84b0:fa%eth5
2017-02-09 10:18:14.291+0000 INFO  [o.n.k.i.DiagnosticsManager] Interface Microsoft ISATAP Adapter #4:
2017-02-09 10:18:14.291+0000 INFO  [o.n.k.i.DiagnosticsManager]     address: fe80:0:0:0:0:5efe:c0a8:3801%net4
2017-02-09 10:18:14.291+0000 INFO  [o.n.k.i.DiagnosticsManager] Interface Teredo Tunneling Pseudo-Interface:
2017-02-09 10:18:14.291+0000 INFO  [o.n.k.i.DiagnosticsManager]     address: fe80:0:0:0:0:100:7f:fffe%net5
2017-02-09 10:18:14.291+0000 INFO  [o.n.k.i.DiagnosticsManager] Interface Microsoft ISATAP Adapter #2:
2017-02-09 10:18:14.291+0000 INFO  [o.n.k.i.DiagnosticsManager]     address: fe80:0:0:0:0:5efe:c0a8:20a%net6
2017-02-09 10:18:14.291+0000 INFO  [o.n.k.i.DiagnosticsManager] Interface Microsoft ISATAP Adapter:
2017-02-09 10:18:14.291+0000 INFO  [o.n.k.i.DiagnosticsManager]     address: fe80:0:0:0:0:5efe:c0a8:12%net7
2017-02-09 10:18:14.291+0000 INFO  [o.n.k.i.DiagnosticsManager] Interface Microsoft ISATAP Adapter #3:
2017-02-09 10:18:14.291+0000 INFO  [o.n.k.i.DiagnosticsManager] Interface TP-LINK 150Mbps Wireless N PCI Express Adapter-VirtualBox NDIS Light-Weight Filter-0000:
2017-02-09 10:18:14.291+0000 INFO  [o.n.k.i.DiagnosticsManager] Interface TP-LINK 150Mbps Wireless N PCI Express Adapter-QoS Packet Scheduler-0000:
2017-02-09 10:18:14.291+0000 INFO  [o.n.k.i.DiagnosticsManager] Interface Realtek PCIe GBE Family Controller-VirtualBox NDIS Light-Weight Filter-0000:
2017-02-09 10:18:14.291+0000 INFO  [o.n.k.i.DiagnosticsManager] Interface Realtek PCIe GBE Family Controller-QoS Packet Scheduler-0000:
2017-02-09 10:18:14.291+0000 INFO  [o.n.k.i.DiagnosticsManager] Interface Realtek PCIe GBE Family Controller-WFP LightWeight Filter-0000:
2017-02-09 10:18:14.291+0000 INFO  [o.n.k.i.DiagnosticsManager] Interface TAP-Windows Adapter V9-VirtualBox NDIS Light-Weight Filter-0000:
2017-02-09 10:18:14.291+0000 INFO  [o.n.k.i.DiagnosticsManager] Interface TAP-Windows Adapter V9-QoS Packet Scheduler-0000:
2017-02-09 10:18:14.291+0000 INFO  [o.n.k.i.DiagnosticsManager] Interface TAP-Windows Adapter V9-WFP LightWeight Filter-0000:
2017-02-09 10:18:14.291+0000 INFO  [o.n.k.i.DiagnosticsManager] Interface WAN Miniport (IPv6)-QoS Packet Scheduler-0000:
2017-02-09 10:18:14.291+0000 INFO  [o.n.k.i.DiagnosticsManager] Interface WAN Miniport (IP)-QoS Packet Scheduler-0000:
2017-02-09 10:18:14.291+0000 INFO  [o.n.k.i.DiagnosticsManager] Interface WAN Miniport (Network Monitor)-QoS Packet Scheduler-0000:
2017-02-09 10:18:14.291+0000 INFO  [o.n.k.i.DiagnosticsManager] Interface TP-LINK 150Mbps Wireless N PCI Express Adapter-Virtual WiFi Filter Driver-0000:
2017-02-09 10:18:14.291+0000 INFO  [o.n.k.i.DiagnosticsManager] Interface VirtualBox Host-Only Ethernet Adapter-VirtualBox NDIS Light-Weight Filter-0000:
2017-02-09 10:18:14.291+0000 INFO  [o.n.k.i.DiagnosticsManager] Interface VirtualBox Host-Only Ethernet Adapter-QoS Packet Scheduler-0000:
2017-02-09 10:18:14.291+0000 INFO  [o.n.k.i.DiagnosticsManager] Interface VirtualBox Host-Only Ethernet Adapter-WFP LightWeight Filter-0000:
2017-02-09 10:18:14.291+0000 INFO  [o.n.k.i.DiagnosticsManager] Interface TP-LINK 150Mbps Wireless N PCI Express Adapter-Native WiFi Filter Driver-0000:
2017-02-09 10:18:14.291+0000 INFO  [o.n.k.i.DiagnosticsManager] Interface TP-LINK 150Mbps Wireless N PCI Express Adapter-WFP LightWeight Filter-0000:
2017-02-09 10:18:14.291+0000 INFO  [o.n.k.i.DiagnosticsManager] --- INITIALIZED diagnostics END ---
2017-02-09 10:18:14.292+0000 INFO  [o.n.b.v.r.Sessions] No SSL certificate found, generating a self-signed certificate..
2017-02-09 10:18:14.634+0000 INFO  [o.n.b.v.r.Sessions] Bolt Server extension loaded.
2017-02-09 10:18:14.634+0000 INFO  [o.n.b.v.r.Sessions] Bolt enabled on localhost:7687.
2017-02-09 10:18:14.663+0000 INFO  [o.n.k.i.s.f.RecordFormatSelector] Selected format 'RecordFormat:StandardV3_0[v0.A.7]' for the new store
2017-02-09 10:18:15.509+0000 INFO  [o.n.k.a.i.l.LuceneLabelScanStore] No lucene scan store index found, this might just be first use. Preparing to rebuild.
2017-02-09 10:18:15.604+0000 INFO  [o.n.k.NeoStoreDataSource] Opened logical log [D:\NFS PROJECT\New folder\neo4j-relationship-entity\database\neostore.transaction.db.0] version=0, lastTxId=1 (clean)
2017-02-09 10:18:15.604+0000 WARN  [o.n.k.i.s.MetaDataStore] Missing counts store, rebuilding it.
2017-02-09 10:18:15.667+0000 INFO  [o.n.k.a.i.l.LuceneLabelScanStore] Rebuilding lucene scan store, this may take a while
2017-02-09 10:18:15.667+0000 INFO  [o.n.k.a.i.l.LuceneLabelScanStore] Lucene scan store rebuilt (roughly 0 nodes)
2017-02-09 10:18:15.667+0000 INFO  [o.n.k.i.DatabaseHealth] Database health set to OK
2017-02-09 10:18:15.723+0000 INFO  [o.n.k.AvailabilityGuard] Fulfilling of requirement makes database available: Database available
2017-02-09 10:18:15.724+0000 INFO  [o.n.k.i.f.CommunityFacadeFactory] Database is now ready
2017-02-09 10:18:15.724+0000 INFO  [o.n.k.i.DiagnosticsManager] --- STARTED diagnostics for KernelDiagnostics:Versions START ---
2017-02-09 10:18:15.724+0000 INFO  [o.n.k.i.DiagnosticsManager] Graph Database: community single StoreId{creationTime=1486635495441, randomId=4210961096138557898, storeVersion=15531981201765894, upgradeTime=1486635495441, upgradeId=1}
2017-02-09 10:18:15.724+0000 INFO  [o.n.k.i.DiagnosticsManager] Kernel version: 3.0.6
2017-02-09 10:18:15.724+0000 INFO  [o.n.k.i.DiagnosticsManager] --- STARTED diagnostics for KernelDiagnostics:Versions END ---
2017-02-09 10:18:15.724+0000 INFO  [o.n.k.i.DiagnosticsManager] --- STARTED diagnostics for NEO_STORE_VERSIONS START ---
2017-02-09 10:18:15.724+0000 INFO  [o.n.k.i.DiagnosticsManager] Store versions:
2017-02-09 10:18:15.724+0000 INFO  [o.n.k.i.DiagnosticsManager] Store versions:
2017-02-09 10:18:15.724+0000 INFO  [o.n.k.i.DiagnosticsManager]   ArrayPropertyStore v0.A.7
2017-02-09 10:18:15.724+0000 INFO  [o.n.k.i.DiagnosticsManager]   NodeStore v0.A.7
2017-02-09 10:18:15.724+0000 INFO  [o.n.k.i.DiagnosticsManager]   StringPropertyStore v0.A.7
2017-02-09 10:18:15.724+0000 INFO  [o.n.k.i.DiagnosticsManager]   PropertyIndexStore v0.A.7
2017-02-09 10:18:15.725+0000 INFO  [o.n.k.i.DiagnosticsManager]   StringPropertyStore v0.A.7
2017-02-09 10:18:15.725+0000 INFO  [o.n.k.i.DiagnosticsManager]   ArrayPropertyStore v0.A.7
2017-02-09 10:18:15.725+0000 INFO  [o.n.k.i.DiagnosticsManager]   PropertyStore v0.A.7
2017-02-09 10:18:15.725+0000 INFO  [o.n.k.i.DiagnosticsManager]   RelationshipStore v0.A.7
2017-02-09 10:18:15.725+0000 INFO  [o.n.k.i.DiagnosticsManager]   StringPropertyStore v0.A.7
2017-02-09 10:18:15.725+0000 INFO  [o.n.k.i.DiagnosticsManager]   RelationshipTypeStore v0.A.7
2017-02-09 10:18:15.725+0000 INFO  [o.n.k.i.DiagnosticsManager]   StringPropertyStore v0.A.7
2017-02-09 10:18:15.725+0000 INFO  [o.n.k.i.DiagnosticsManager]   LabelTokenStore v0.A.7
2017-02-09 10:18:15.725+0000 INFO  [o.n.k.i.DiagnosticsManager]   SchemaStore v0.A.7
2017-02-09 10:18:15.725+0000 INFO  [o.n.k.i.DiagnosticsManager]   RelationshipGroupStore v0.A.7
2017-02-09 10:18:15.725+0000 INFO  [o.n.k.i.DiagnosticsManager]   NeoStore v0.A.7
2017-02-09 10:18:15.725+0000 INFO  [o.n.k.i.DiagnosticsManager] --- STARTED diagnostics for NEO_STORE_VERSIONS END ---
2017-02-09 10:18:15.725+0000 INFO  [o.n.k.i.DiagnosticsManager] --- STARTED diagnostics for NEO_STORE_ID_USAGE START ---
2017-02-09 10:18:15.725+0000 INFO  [o.n.k.i.DiagnosticsManager] Id usage:
2017-02-09 10:18:15.725+0000 INFO  [o.n.k.i.DiagnosticsManager] Id usage:
2017-02-09 10:18:15.725+0000 INFO  [o.n.k.i.DiagnosticsManager]   ArrayPropertyStore: used=1 high=0
2017-02-09 10:18:15.725+0000 INFO  [o.n.k.i.DiagnosticsManager]   NodeStore: used=0 high=-1
2017-02-09 10:18:15.725+0000 INFO  [o.n.k.i.DiagnosticsManager]   StringPropertyStore: used=1 high=0
2017-02-09 10:18:15.725+0000 INFO  [o.n.k.i.DiagnosticsManager]   PropertyIndexStore: used=0 high=-1
2017-02-09 10:18:15.725+0000 INFO  [o.n.k.i.DiagnosticsManager]   StringPropertyStore: used=1 high=0
2017-02-09 10:18:15.725+0000 INFO  [o.n.k.i.DiagnosticsManager]   ArrayPropertyStore: used=1 high=0
2017-02-09 10:18:15.725+0000 INFO  [o.n.k.i.DiagnosticsManager]   PropertyStore: used=0 high=-1
2017-02-09 10:18:15.725+0000 INFO  [o.n.k.i.DiagnosticsManager]   RelationshipStore: used=0 high=-1
2017-02-09 10:18:15.725+0000 INFO  [o.n.k.i.DiagnosticsManager]   StringPropertyStore: used=1 high=0
2017-02-09 10:18:15.725+0000 INFO  [o.n.k.i.DiagnosticsManager]   RelationshipTypeStore: used=0 high=-1
2017-02-09 10:18:15.725+0000 INFO  [o.n.k.i.DiagnosticsManager]   StringPropertyStore: used=1 high=0
2017-02-09 10:18:15.725+0000 INFO  [o.n.k.i.DiagnosticsManager]   LabelTokenStore: used=0 high=-1
2017-02-09 10:18:15.725+0000 INFO  [o.n.k.i.DiagnosticsManager]   SchemaStore: used=1 high=0
2017-02-09 10:18:15.725+0000 INFO  [o.n.k.i.DiagnosticsManager]   RelationshipGroupStore: used=1 high=0
2017-02-09 10:18:15.725+0000 INFO  [o.n.k.i.DiagnosticsManager]   NeoStore: used=15 high=14
2017-02-09 10:18:15.726+0000 INFO  [o.n.k.i.DiagnosticsManager] --- STARTED diagnostics for NEO_STORE_ID_USAGE END ---
2017-02-09 10:18:15.726+0000 INFO  [o.n.k.i.DiagnosticsManager] --- STARTED diagnostics for NEO_STORE_RECORDS START ---
2017-02-09 10:18:15.726+0000 INFO  [o.n.k.i.DiagnosticsManager] Neostore records:
2017-02-09 10:18:15.726+0000 INFO  [o.n.k.i.DiagnosticsManager] TIME (Creation time): 1486635495441
2017-02-09 10:18:15.726+0000 INFO  [o.n.k.i.DiagnosticsManager] RANDOM_NUMBER (Random number for store id): 4210961096138557898
2017-02-09 10:18:15.726+0000 INFO  [o.n.k.i.DiagnosticsManager] LOG_VERSION (Current log version): 0
2017-02-09 10:18:15.726+0000 INFO  [o.n.k.i.DiagnosticsManager] LAST_TRANSACTION_ID (Last committed transaction): 1
2017-02-09 10:18:15.726+0000 INFO  [o.n.k.i.DiagnosticsManager] STORE_VERSION (Store format version): 15531981201765894
2017-02-09 10:18:15.726+0000 INFO  [o.n.k.i.DiagnosticsManager] FIRST_GRAPH_PROPERTY (First property record containing graph properties): -1
2017-02-09 10:18:15.726+0000 INFO  [o.n.k.i.DiagnosticsManager] LAST_CONSTRAINT_TRANSACTION (Last committed transaction containing constraint changes): 0
2017-02-09 10:18:15.726+0000 INFO  [o.n.k.i.DiagnosticsManager] UPGRADE_TRANSACTION_ID (Transaction id most recent upgrade was performed at): 1
2017-02-09 10:18:15.726+0000 INFO  [o.n.k.i.DiagnosticsManager] UPGRADE_TIME (Time of last upgrade): 1486635495441
2017-02-09 10:18:15.726+0000 INFO  [o.n.k.i.DiagnosticsManager] LAST_TRANSACTION_CHECKSUM (Checksum of last committed transaction): 0
2017-02-09 10:18:15.726+0000 INFO  [o.n.k.i.DiagnosticsManager] UPGRADE_TRANSACTION_CHECKSUM (Checksum of transaction id the most recent upgrade was performed at): 0
2017-02-09 10:18:15.726+0000 INFO  [o.n.k.i.DiagnosticsManager] LAST_CLOSED_TRANSACTION_LOG_VERSION (Log version where the last transaction commit entry has been written into): 0
2017-02-09 10:18:15.726+0000 INFO  [o.n.k.i.DiagnosticsManager] LAST_CLOSED_TRANSACTION_LOG_BYTE_OFFSET (Byte offset in the log file where the last transaction commit entry has been written into): 16
2017-02-09 10:18:15.726+0000 INFO  [o.n.k.i.DiagnosticsManager] LAST_TRANSACTION_COMMIT_TIMESTAMP (Commit time timestamp for last committed transaction): 0
2017-02-09 10:18:15.726+0000 INFO  [o.n.k.i.DiagnosticsManager] UPGRADE_TRANSACTION_COMMIT_TIMESTAMP (Commit timestamp of transaction the most recent upgrade was performed at): 0
2017-02-09 10:18:15.726+0000 INFO  [o.n.k.i.DiagnosticsManager] --- STARTED diagnostics for NEO_STORE_RECORDS END ---
2017-02-09 10:18:15.726+0000 INFO  [o.n.k.i.DiagnosticsManager] --- STARTED diagnostics for TRANSACTION_RANGE START ---
2017-02-09 10:18:15.726+0000 INFO  [o.n.k.i.DiagnosticsManager] Transaction log:
2017-02-09 10:18:15.727+0000 INFO  [o.n.k.i.DiagnosticsManager] No transactions found in any log
2017-02-09 10:18:15.727+0000 INFO  [o.n.k.i.DiagnosticsManager] --- STARTED diagnostics for TRANSACTION_RANGE END ---
2017-02-09 10:18:15.727+0000 INFO  [o.n.k.i.DiagnosticsManager] --- STARTED diagnostics for KernelDiagnostics:StoreFiles START ---
2017-02-09 10:18:15.728+0000 INFO  [o.n.k.i.DiagnosticsManager] Disk space on partition (Total / Free / Free %): 290391584768 / 145805574144 / 50
Storage files: (filename : modification date - size)
2017-02-09 10:18:15.730+0000 INFO  [o.n.k.i.DiagnosticsManager]   certificates:
2017-02-09 10:18:15.730+0000 INFO  [o.n.k.i.DiagnosticsManager]     neo4j.cert: 2017-02-09T17:18:14+0700 - 1002.00 B
2017-02-09 10:18:15.730+0000 INFO  [o.n.k.i.DiagnosticsManager]     neo4j.key: 2017-02-09T17:18:14+0700 - 1.69 kB
2017-02-09 10:18:15.730+0000 INFO  [o.n.k.i.DiagnosticsManager]   - Total: 2017-02-09T17:18:14+0700 - 2.67 kB
2017-02-09 10:18:15.730+0000 INFO  [o.n.k.i.DiagnosticsManager]   data:
2017-02-09 10:18:15.730+0000 INFO  [o.n.k.i.DiagnosticsManager]     dbms:
2017-02-09 10:18:15.730+0000 INFO  [o.n.k.i.DiagnosticsManager]       auth: 2017-02-09T17:18:15+0700 - 137.00 B
2017-02-09 10:18:15.730+0000 INFO  [o.n.k.i.DiagnosticsManager]     - Total: 2017-02-09T17:18:15+0700 - 137.00 B
2017-02-09 10:18:15.730+0000 INFO  [o.n.k.i.DiagnosticsManager]   - Total: 2017-02-09T17:18:15+0700 - 137.00 B
2017-02-09 10:18:15.731+0000 INFO  [o.n.k.i.DiagnosticsManager]   index:
2017-02-09 10:18:15.731+0000 INFO  [o.n.k.i.DiagnosticsManager]   - Total: 2017-02-09T17:18:15+0700 - 0.00 B
2017-02-09 10:18:15.731+0000 INFO  [o.n.k.i.DiagnosticsManager]   logs:
2017-02-09 10:18:15.731+0000 INFO  [o.n.k.i.DiagnosticsManager]     debug.log: 2017-02-09T17:18:15+0700 - 35.20 kB
2017-02-09 10:18:15.731+0000 INFO  [o.n.k.i.DiagnosticsManager]   - Total: 2017-02-09T17:18:14+0700 - 35.20 kB
2017-02-09 10:18:15.731+0000 INFO  [o.n.k.i.DiagnosticsManager]   neostore: 2017-02-09T17:18:15+0700 - 8.00 kB
2017-02-09 10:18:15.731+0000 INFO  [o.n.k.i.DiagnosticsManager]   neostore.counts.db.a: 2017-02-09T17:18:15+0700 - 96.00 B
2017-02-09 10:18:15.731+0000 INFO  [o.n.k.i.DiagnosticsManager]   neostore.id: 2017-02-09T17:18:15+0700 - 9.00 B
2017-02-09 10:18:15.732+0000 INFO  [o.n.k.i.DiagnosticsManager]   neostore.labeltokenstore.db: 2017-02-09T17:18:15+0700 - 0.00 B
2017-02-09 10:18:15.732+0000 INFO  [o.n.k.i.DiagnosticsManager]   neostore.labeltokenstore.db.id: 2017-02-09T17:18:15+0700 - 9.00 B
2017-02-09 10:18:15.732+0000 INFO  [o.n.k.i.DiagnosticsManager]   neostore.labeltokenstore.db.names: 2017-02-09T17:18:15+0700 - 8.00 kB
2017-02-09 10:18:15.732+0000 INFO  [o.n.k.i.DiagnosticsManager]   neostore.labeltokenstore.db.names.id: 2017-02-09T17:18:15+0700 - 9.00 B
2017-02-09 10:18:15.732+0000 INFO  [o.n.k.i.DiagnosticsManager]   neostore.nodestore.db: 2017-02-09T17:18:14+0700 - 0.00 B
2017-02-09 10:18:15.732+0000 INFO  [o.n.k.i.DiagnosticsManager]   neostore.nodestore.db.id: 2017-02-09T17:18:14+0700 - 9.00 B
2017-02-09 10:18:15.732+0000 INFO  [o.n.k.i.DiagnosticsManager]   neostore.nodestore.db.labels: 2017-02-09T17:18:14+0700 - 8.00 kB
2017-02-09 10:18:15.732+0000 INFO  [o.n.k.i.DiagnosticsManager]   neostore.nodestore.db.labels.id: 2017-02-09T17:18:14+0700 - 9.00 B
2017-02-09 10:18:15.732+0000 INFO  [o.n.k.i.DiagnosticsManager]   neostore.propertystore.db: 2017-02-09T17:18:14+0700 - 0.00 B
2017-02-09 10:18:15.732+0000 INFO  [o.n.k.i.DiagnosticsManager]   neostore.propertystore.db.arrays: 2017-02-09T17:18:14+0700 - 8.00 kB
2017-02-09 10:18:15.733+0000 INFO  [o.n.k.i.DiagnosticsManager]   neostore.propertystore.db.arrays.id: 2017-02-09T17:18:14+0700 - 9.00 B
2017-02-09 10:18:15.733+0000 INFO  [o.n.k.i.DiagnosticsManager]   neostore.propertystore.db.id: 2017-02-09T17:18:15+0700 - 9.00 B
2017-02-09 10:18:15.733+0000 INFO  [o.n.k.i.DiagnosticsManager]   neostore.propertystore.db.index: 2017-02-09T17:18:14+0700 - 0.00 B
2017-02-09 10:18:15.733+0000 INFO  [o.n.k.i.DiagnosticsManager]   neostore.propertystore.db.index.id: 2017-02-09T17:18:14+0700 - 9.00 B
2017-02-09 10:18:15.733+0000 INFO  [o.n.k.i.DiagnosticsManager]   neostore.propertystore.db.index.keys: 2017-02-09T17:18:14+0700 - 8.00 kB
2017-02-09 10:18:15.733+0000 INFO  [o.n.k.i.DiagnosticsManager]   neostore.propertystore.db.index.keys.id: 2017-02-09T17:18:14+0700 - 9.00 B
2017-02-09 10:18:15.734+0000 INFO  [o.n.k.i.DiagnosticsManager]   neostore.propertystore.db.strings: 2017-02-09T17:18:14+0700 - 8.00 kB
2017-02-09 10:18:15.734+0000 INFO  [o.n.k.i.DiagnosticsManager]   neostore.propertystore.db.strings.id: 2017-02-09T17:18:14+0700 - 9.00 B
2017-02-09 10:18:15.734+0000 INFO  [o.n.k.i.DiagnosticsManager]   neostore.relationshipgroupstore.db: 2017-02-09T17:18:15+0700 - 8.00 kB
2017-02-09 10:18:15.734+0000 INFO  [o.n.k.i.DiagnosticsManager]   neostore.relationshipgroupstore.db.id: 2017-02-09T17:18:15+0700 - 9.00 B
2017-02-09 10:18:15.734+0000 INFO  [o.n.k.i.DiagnosticsManager]   neostore.relationshipstore.db: 2017-02-09T17:18:15+0700 - 0.00 B
2017-02-09 10:18:15.734+0000 INFO  [o.n.k.i.DiagnosticsManager]   neostore.relationshipstore.db.id: 2017-02-09T17:18:15+0700 - 9.00 B
2017-02-09 10:18:15.734+0000 INFO  [o.n.k.i.DiagnosticsManager]   neostore.relationshiptypestore.db: 2017-02-09T17:18:15+0700 - 0.00 B
2017-02-09 10:18:15.734+0000 INFO  [o.n.k.i.DiagnosticsManager]   neostore.relationshiptypestore.db.id: 2017-02-09T17:18:15+0700 - 9.00 B
2017-02-09 10:18:15.734+0000 INFO  [o.n.k.i.DiagnosticsManager]   neostore.relationshiptypestore.db.names: 2017-02-09T17:18:15+0700 - 8.00 kB
2017-02-09 10:18:15.734+0000 INFO  [o.n.k.i.DiagnosticsManager]   neostore.relationshiptypestore.db.names.id: 2017-02-09T17:18:15+0700 - 9.00 B
2017-02-09 10:18:15.735+0000 INFO  [o.n.k.i.DiagnosticsManager]   neostore.schemastore.db: 2017-02-09T17:18:15+0700 - 8.00 kB
2017-02-09 10:18:15.735+0000 INFO  [o.n.k.i.DiagnosticsManager]   neostore.schemastore.db.id: 2017-02-09T17:18:15+0700 - 9.00 B
2017-02-09 10:18:15.735+0000 INFO  [o.n.k.i.DiagnosticsManager]   neostore.transaction.db.0: 2017-02-09T17:18:15+0700 - 16.00 B
2017-02-09 10:18:15.735+0000 INFO  [o.n.k.i.DiagnosticsManager]   schema:
2017-02-09 10:18:15.735+0000 INFO  [o.n.k.i.DiagnosticsManager]     label:
2017-02-09 10:18:15.735+0000 INFO  [o.n.k.i.DiagnosticsManager]       lucene:
2017-02-09 10:18:15.735+0000 INFO  [o.n.k.i.DiagnosticsManager]         labelStore:
2017-02-09 10:18:15.735+0000 INFO  [o.n.k.i.DiagnosticsManager]           1:
2017-02-09 10:18:15.735+0000 INFO  [o.n.k.i.DiagnosticsManager]             write.lock: 2017-02-09T17:18:15+0700 - 0.00 B
2017-02-09 10:18:15.736+0000 INFO  [o.n.k.i.DiagnosticsManager]           - Total: 2017-02-09T17:18:15+0700 - 0.00 B
2017-02-09 10:18:15.736+0000 INFO  [o.n.k.i.DiagnosticsManager]           failure-message: 2017-02-09T17:18:15+0700 - 16.00 kB
2017-02-09 10:18:15.736+0000 INFO  [o.n.k.i.DiagnosticsManager]         - Total: 2017-02-09T17:18:15+0700 - 16.00 kB
2017-02-09 10:18:15.736+0000 INFO  [o.n.k.i.DiagnosticsManager]       - Total: 2017-02-09T17:18:15+0700 - 16.00 kB
2017-02-09 10:18:15.736+0000 INFO  [o.n.k.i.DiagnosticsManager]     - Total: 2017-02-09T17:18:15+0700 - 16.00 kB
2017-02-09 10:18:15.736+0000 INFO  [o.n.k.i.DiagnosticsManager]   - Total: 2017-02-09T17:18:15+0700 - 16.00 kB
2017-02-09 10:18:15.736+0000 INFO  [o.n.k.i.DiagnosticsManager]   store_lock: 2017-02-09T17:18:14+0700 - 0.00 B
2017-02-09 10:18:15.736+0000 INFO  [o.n.k.i.DiagnosticsManager] --- STARTED diagnostics for KernelDiagnostics:StoreFiles END ---
2017-02-09 10:18:15.769+0000 INFO  [o.n.k.i.DiagnosticsManager] --- SERVER STARTED START ---
2017-02-09 10:18:16.171+0000 INFO  [o.n.k.i.DiagnosticsManager] --- SERVER STARTED END ---
2017-02-09 10:24:15.687+0000 INFO  [o.n.k.i.t.l.c.CheckPointerImpl] Check Pointing triggered by scheduler for time threshold [6]:  Starting check pointing...
2017-02-09 10:24:15.687+0000 INFO  [o.n.k.i.t.l.c.CheckPointerImpl] Check Pointing triggered by scheduler for time threshold [6]:  Starting store flush...
2017-02-09 10:24:15.769+0000 INFO  [o.n.k.i.s.c.CountsTracker] About to rotate counts store at transaction 6 to [D:\NFS PROJECT\New folder\neo4j-relationship-entity\database\neostore.counts.db.b], from [D:\NFS PROJECT\New folder\neo4j-relationship-entity\database\neostore.counts.db.a].
2017-02-09 10:24:15.770+0000 INFO  [o.n.k.i.s.c.CountsTracker] Successfully rotated counts store at transaction 6 to [D:\NFS PROJECT\New folder\neo4j-relationship-entity\database\neostore.counts.db.b], from [D:\NFS PROJECT\New folder\neo4j-relationship-entity\database\neostore.counts.db.a].
2017-02-09 10:24:16.020+0000 INFO  [o.n.k.i.t.l.c.CheckPointerImpl] Check Pointing triggered by scheduler for time threshold [6]:  Store flush completed
2017-02-09 10:24:16.020+0000 INFO  [o.n.k.i.t.l.c.CheckPointerImpl] Check Pointing triggered by scheduler for time threshold [6]:  Starting appending check point entry into the tx log...
2017-02-09 10:24:16.045+0000 INFO  [o.n.k.i.t.l.c.CheckPointerImpl] Check Pointing triggered by scheduler for time threshold [6]:  Appending check point entry into the tx log completed
2017-02-09 10:24:16.045+0000 INFO  [o.n.k.i.t.l.c.CheckPointerImpl] Check Pointing triggered by scheduler for time threshold [6]:  Check pointing completed
2017-02-09 10:24:16.045+0000 INFO  [o.n.k.i.t.l.p.LogPruningImpl] Log Rotation [0]:  Starting log pruning.
2017-02-09 10:24:16.045+0000 INFO  [o.n.k.i.t.l.p.LogPruningImpl] Log Rotation [0]:  Log pruning complete.
